[debug] [2024-11-10T05:15:58.104Z] ----------------------------------------------------------------------
[debug] [2024-11-10T05:15:58.107Z] Command:       /opt/homebrew/Cellar/node/22.9.0_1/bin/node /opt/homebrew/bin/firebase init
[debug] [2024-11-10T05:15:58.107Z] CLI Version:   11.17.0
[debug] [2024-11-10T05:15:58.107Z] Platform:      darwin
[debug] [2024-11-10T05:15:58.107Z] Node Version:  v22.9.0
[debug] [2024-11-10T05:15:58.108Z] Time:          Sun Nov 10 2024 00:15:58 GMT-0500 (Eastern Standard Time)
[debug] [2024-11-10T05:15:58.108Z] ----------------------------------------------------------------------
[debug] 
[debug] [2024-11-10T05:15:58.114Z] > command requires scopes: ["email","openid","https://www.googleapis.com/auth/cloudplatformprojects.readonly","https://www.googleapis.com/auth/firebase","https://www.googleapis.com/auth/cloud-platform"]
[debug] [2024-11-10T05:15:58.114Z] > authorizing via signed-in user (teddio496@gmail.com)
[info] 
     ######## #### ########  ######## ########     ###     ######  ########
     ##        ##  ##     ## ##       ##     ##  ##   ##  ##       ##
     ######    ##  ########  ######   ########  #########  ######  ######
     ##        ##  ##    ##  ##       ##     ## ##     ##       ## ##
     ##       #### ##     ## ######## ########  ##     ##  ######  ########

You're about to initialize a Firebase project in this directory:

  /Users/teddy/Documents/GradeSync

[info] 
=== Project Setup
[info] 
[info] First, let's associate this project directory with a Firebase project.
[info] You can create multiple project aliases by running firebase use --add, 
[info] but for now we'll just set up a default project.
[info] 
[debug] [2024-11-10T05:16:19.626Z] > refreshing access token with scopes: []
[debug] [2024-11-10T05:16:19.630Z] >>> [apiv2][query] POST https://www.googleapis.com/oauth2/v3/token [none]
[debug] [2024-11-10T05:16:19.630Z] >>> [apiv2][body] POST https://www.googleapis.com/oauth2/v3/token [omitted]
[debug] [2024-11-10T05:16:19.767Z] <<< [apiv2][status] POST https://www.googleapis.com/oauth2/v3/token 400
[debug] [2024-11-10T05:16:19.767Z] <<< [apiv2][body] POST https://www.googleapis.com/oauth2/v3/token [omitted]
[debug] [2024-11-10T05:16:19.768Z] >>> [apiv2][query] GET https://firebase.googleapis.com/v1beta1/projects pageSize=100
[debug] [2024-11-10T05:16:19.942Z] <<< [apiv2][status] GET https://firebase.googleapis.com/v1beta1/projects 401
[debug] [2024-11-10T05:16:19.942Z] <<< [apiv2][body] GET https://firebase.googleapis.com/v1beta1/projects [omitted]
[debug] [2024-11-10T05:16:19.943Z] HTTP Error: 401, Request had invalid authentication credentials. Expected OAuth 2 access token, login cookie or other valid authentication credential. See https://developers.google.com/identity/sign-in/web/devconsole-project.
[debug] [2024-11-10T05:16:20.026Z] FirebaseError: HTTP Error: 401, Request had invalid authentication credentials. Expected OAuth 2 access token, login cookie or other valid authentication credential. See https://developers.google.com/identity/sign-in/web/devconsole-project.
    at responseToError (/opt/homebrew/lib/node_modules/firebase-tools/lib/responseToError.js:49:12)
    at RetryOperation._fn (/opt/homebrew/lib/node_modules/firebase-tools/lib/apiv2.js:288:77)
    at process.processTicksAndRejections (node:internal/process/task_queues:105:5)
[error] 
[error] Error: Failed to list Firebase projects. See firebase-debug.log for more info.
